# JRE version: Java(TM) SE Runtime Environment (7.0_79-b15) (build 1.7.0_79-b15)
# Java VM: Java HotSpot(TM) 64-Bit Server VM (24.79-b02 mixed mode linux-amd64 compressed oops)
Heap
 PSYoungGen      total 291328K, used 151030K [0x00000000eaa80000, 0x00000000ff100000, 0x0000000100000000)
  eden space 274944K, 49% used [0x00000000eaa80000,0x00000000f2e5ab98,0x00000000fb700000)
  from space 16384K, 97% used [0x00000000fc380000,0x00000000fd322e28,0x00000000fd380000)
  to   space 29696K, 0% used [0x00000000fd400000,0x00000000fd400000,0x00000000ff100000)
 ParOldGen       total 83968K, used 44718K [0x00000000c0000000, 0x00000000c5200000, 0x00000000eaa80000)
  object space 83968K, 53% used [0x00000000c0000000,0x00000000c2babbc8,0x00000000c5200000)
 PSPermGen       total 110080K, used 58299K [0x00000000b0000000, 0x00000000b6b80000, 0x00000000c0000000)
  object space 110080K, 52% used [0x00000000b0000000,0x00000000b38eec30,0x00000000b6b80000)
GC Heap History (10 events):
Event: 24.361 GC heap before
{Heap before GC invocations=9 (full 1):
 PSYoungGen      total 314880K, used 23480K [0x00000000eaa80000, 0x0000000100000000, 0x0000000100000000)
  eden space 285184K, 0% used [0x00000000eaa80000,0x00000000eaa80000,0x00000000fc100000)
  from space 29696K, 79% used [0x00000000fe300000,0x00000000ff9ee1e8,0x0000000100000000)
  to   space 32256K, 0% used [0x00000000fc100000,0x00000000fc100000,0x00000000fe080000)
 ParOldGen       total 83968K, used 37637K [0x00000000c0000000, 0x00000000c5200000, 0x00000000eaa80000)
  object space 83968K, 44% used [0x00000000c0000000,0x00000000c24c15f0,0x00000000c5200000)
 PSPermGen       total 47616K, used 47176K [0x00000000b0000000, 0x00000000b2e80000, 0x00000000c0000000)
  object space 47616K, 99% used [0x00000000b0000000,0x00000000b2e12048,0x00000000b2e80000)
Event: 24.797 GC heap after
Heap after GC invocations=9 (full 1):
 PSYoungGen      total 314880K, used 0K [0x00000000eaa80000, 0x0000000100000000, 0x0000000100000000)
  eden space 285184K, 0% used [0x00000000eaa80000,0x00000000eaa80000,0x00000000fc100000)
  from space 29696K, 0% used [0x00000000fe300000,0x00000000fe300000,0x0000000100000000)
  to   space 32256K, 0% used [0x00000000fc100000,0x00000000fc100000,0x00000000fe080000)
 ParOldGen       total 83968K, used 44424K [0x00000000c0000000, 0x00000000c5200000, 0x00000000eaa80000)
  object space 83968K, 52% used [0x00000000c0000000,0x00000000c2b62290,0x00000000c5200000)
 PSPermGen       total 94720K, used 47132K [0x00000000b0000000, 0x00000000b5c80000, 0x00000000c0000000)
  object space 94720K, 49% used [0x00000000b0000000,0x00000000b2e07210,0x00000000b5c80000)
}
Event: 46.140 GC heap before
{Heap before GC invocations=10 (full 1):
 PSYoungGen      total 314880K, used 285184K [0x00000000eaa80000, 0x0000000100000000, 0x0000000100000000)
  eden space 285184K, 100% used [0x00000000eaa80000,0x00000000fc100000,0x00000000fc100000)
  from space 29696K, 0% used [0x00000000fe300000,0x00000000fe300000,0x0000000100000000)
  to   space 32256K, 0% used [0x00000000fc100000,0x00000000fc100000,0x00000000fe080000)
 ParOldGen       total 83968K, used 44424K [0x00000000c0000000, 0x00000000c5200000, 0x00000000eaa80000)
  object space 83968K, 52% used [0x00000000c0000000,0x00000000c2b62290,0x00000000c5200000)
 PSPermGen       total 94720K, used 50589K [0x00000000b0000000, 0x00000000b5c80000, 0x00000000c0000000)
  object space 94720K, 53% used [0x00000000b0000000,0x00000000b31676a8,0x00000000b5c80000)
Event: 46.164 GC heap after
Heap after GC invocations=10 (full 1):
 PSYoungGen      total 317440K, used 10093K [0x00000000eaa80000, 0x0000000100000000, 0x0000000100000000)
  eden space 285184K, 0% used [0x00000000eaa80000,0x00000000eaa80000,0x00000000fc100000)
  from space 32256K, 31% used [0x00000000fc100000,0x00000000fcadb408,0x00000000fe080000)
  to   space 31232K, 0% used [0x00000000fe180000,0x00000000fe180000,0x0000000100000000)
 ParOldGen       total 83968K, used 44424K [0x00000000c0000000, 0x00000000c5200000, 0x00000000eaa80000)
  object space 83968K, 52% used [0x00000000c0000000,0x00000000c2b62290,0x00000000c5200000)
 PSPermGen       total 94720K, used 50589K [0x00000000b0000000, 0x00000000b5c80000, 0x00000000c0000000)
  object space 94720K, 53% used [0x00000000b0000000,0x00000000b31676a8,0x00000000b5c80000)
}
Event: 160.997 GC heap before
{Heap before GC invocations=11 (full 1):
 PSYoungGen      total 317440K, used 253465K [0x00000000eaa80000, 0x0000000100000000, 0x0000000100000000)
  eden space 285184K, 85% used [0x00000000eaa80000,0x00000000f982b180,0x00000000fc100000)
  from space 32256K, 31% used [0x00000000fc100000,0x00000000fcadb408,0x00000000fe080000)
  to   space 31232K, 0% used [0x00000000fe180000,0x00000000fe180000,0x0000000100000000)
 ParOldGen       total 83968K, used 44424K [0x00000000c0000000, 0x00000000c5200000, 0x00000000eaa80000)
  object space 83968K, 52% used [0x00000000c0000000,0x00000000c2b62290,0x00000000c5200000)
 PSPermGen       total 94720K, used 52247K [0x00000000b0000000, 0x00000000b5c80000, 0x00000000c0000000)
  object space 94720K, 55% used [0x00000000b0000000,0x00000000b3305e58,0x00000000b5c80000)
Event: 161.010 GC heap after
Heap after GC invocations=11 (full 1):
 PSYoungGen      total 317440K, used 6821K [0x00000000eaa80000, 0x00000000ffe80000, 0x0000000100000000)
  eden space 287744K, 0% used [0x00000000eaa80000,0x00000000eaa80000,0x00000000fc380000)
  from space 29696K, 22% used [0x00000000fe180000,0x00000000fe829680,0x00000000ffe80000)
  to   space 30208K, 0% used [0x00000000fc380000,0x00000000fc380000,0x00000000fe100000)
 ParOldGen       total 83968K, used 44424K [0x00000000c0000000, 0x00000000c5200000, 0x00000000eaa80000)
  object space 83968K, 52% used [0x00000000c0000000,0x00000000c2b62290,0x00000000c5200000)
 PSPermGen       total 94720K, used 52247K [0x00000000b0000000, 0x00000000b5c80000, 0x00000000c0000000)
  object space 94720K, 55% used [0x00000000b0000000,0x00000000b3305e58,0x00000000b5c80000)
}
Event: 161.010 GC heap before
{Heap before GC invocations=12 (full 2):
 PSYoungGen      total 317440K, used 6821K [0x00000000eaa80000, 0x00000000ffe80000, 0x0000000100000000)
  eden space 287744K, 0% used [0x00000000eaa80000,0x00000000eaa80000,0x00000000fc380000)
  from space 29696K, 22% used [0x00000000fe180000,0x00000000fe829680,0x00000000ffe80000)
  to   space 30208K, 0% used [0x00000000fc380000,0x00000000fc380000,0x00000000fe100000)
 ParOldGen       total 83968K, used 44424K [0x00000000c0000000, 0x00000000c5200000, 0x00000000eaa80000)
  object space 83968K, 52% used [0x00000000c0000000,0x00000000c2b62290,0x00000000c5200000)
 PSPermGen       total 94720K, used 52247K [0x00000000b0000000, 0x00000000b5c80000, 0x00000000c0000000)
  object space 94720K, 55% used [0x00000000b0000000,0x00000000b3305e58,0x00000000b5c80000)
Event: 161.305 GC heap after
Heap after GC invocations=12 (full 2):
 PSYoungGen      total 317440K, used 0K [0x00000000eaa80000, 0x00000000ffe80000, 0x0000000100000000)
  eden space 287744K, 0% used [0x00000000eaa80000,0x00000000eaa80000,0x00000000fc380000)
  from space 29696K, 0% used [0x00000000fe180000,0x00000000fe180000,0x00000000ffe80000)
  to   space 30208K, 0% used [0x00000000fc380000,0x00000000fc380000,0x00000000fe100000)
 ParOldGen       total 83968K, used 44710K [0x00000000c0000000, 0x00000000c5200000, 0x00000000eaa80000)
  object space 83968K, 53% used [0x00000000c0000000,0x00000000c2ba9bc8,0x00000000c5200000)
 PSPermGen       total 110080K, used 52243K [0x00000000b0000000, 0x00000000b6b80000, 0x00000000c0000000)
  object space 110080K, 47% used [0x00000000b0000000,0x00000000b3304c00,0x00000000b6b80000)
}
Event: 379.666 GC heap before
{Heap before GC invocations=13 (full 2):
 PSYoungGen      total 317440K, used 287744K [0x00000000eaa80000, 0x00000000ffe80000, 0x0000000100000000)
  eden space 287744K, 100% used [0x00000000eaa80000,0x00000000fc380000,0x00000000fc380000)
  from space 29696K, 0% used [0x00000000fe180000,0x00000000fe180000,0x00000000ffe80000)
  to   space 30208K, 0% used [0x00000000fc380000,0x00000000fc380000,0x00000000fe100000)
 ParOldGen       total 83968K, used 44710K [0x00000000c0000000, 0x00000000c5200000, 0x00000000eaa80000)
  object space 83968K, 53% used [0x00000000c0000000,0x00000000c2ba9bc8,0x00000000c5200000)
 PSPermGen       total 110080K, used 57969K [0x00000000b0000000, 0x00000000b6b80000, 0x00000000c0000000)
  object space 110080K, 52% used [0x00000000b0000000,0x00000000b389c438,0x00000000b6b80000)
Event: 379.695 GC heap after
Heap after GC invocations=13 (full 2):
 PSYoungGen      total 291328K, used 16011K [0x00000000eaa80000, 0x00000000ff100000, 0x0000000100000000)
  eden space 274944K, 0% used [0x00000000eaa80000,0x00000000eaa80000,0x00000000fb700000)
  from space 16384K, 97% used [0x00000000fc380000,0x00000000fd322e28,0x00000000fd380000)
  to   space 29696K, 0% used [0x00000000fd400000,0x00000000fd400000,0x00000000ff100000)
 ParOldGen       total 83968K, used 44718K [0x00000000c0000000, 0x00000000c5200000, 0x00000000eaa80000)
  object space 83968K, 53% used [0x00000000c0000000,0x00000000c2babbc8,0x00000000c5200000)
 PSPermGen       total 110080K, used 57969K [0x00000000b0000000, 0x00000000b6b80000, 0x00000000c0000000)
  object space 110080K, 52% used [0x00000000b0000000,0x00000000b389c438,0x00000000b6b80000)
}

