# JRE version: Java(TM) SE Runtime Environment (7.0_79-b15) (build 1.7.0_79-b15)
# Java VM: Java HotSpot(TM) 64-Bit Server VM (24.79-b02 mixed mode linux-amd64 compressed oops)
Heap
 PSYoungGen      total 69632K, used 18749K [0x00000007aaa80000, 0x00000007b3280000, 0x0000000800000000)
  eden space 64512K, 21% used [0x00000007aaa80000,0x00000007ab7d28a0,0x00000007ae980000)
  from space 5120K, 99% used [0x00000007ae980000,0x00000007aee7cbe8,0x00000007aee80000)
  to   space 5120K, 0% used [0x00000007b2d80000,0x00000007b2d80000,0x00000007b3280000)
 ParOldGen       total 83968K, used 14614K [0x0000000700000000, 0x0000000705200000, 0x00000007aaa80000)
  object space 83968K, 17% used [0x0000000700000000,0x0000000700e458e0,0x0000000705200000)
 PSPermGen       total 21504K, used 5912K [0x00000006fae00000, 0x00000006fc300000, 0x0000000700000000)
  object space 21504K, 27% used [0x00000006fae00000,0x00000006fb3c60d8,0x00000006fc300000)
GC Heap History (6 events):
Event: 2.924 GC heap before
{Heap before GC invocations=1 (full 0):
 PSYoungGen      total 37376K, used 32256K [0x00000007aaa80000, 0x00000007ad400000, 0x0000000800000000)
  eden space 32256K, 100% used [0x00000007aaa80000,0x00000007aca00000,0x00000007aca00000)
  from space 5120K, 0% used [0x00000007acf00000,0x00000007acf00000,0x00000007ad400000)
  to   space 5120K, 0% used [0x00000007aca00000,0x00000007aca00000,0x00000007acf00000)
 ParOldGen       total 83968K, used 0K [0x0000000700000000, 0x0000000705200000, 0x00000007aaa80000)
  object space 83968K, 0% used [0x0000000700000000,0x0000000700000000,0x0000000705200000)
 PSPermGen       total 21504K, used 5724K [0x00000006fae00000, 0x00000006fc300000, 0x0000000700000000)
  object space 21504K, 26% used [0x00000006fae00000,0x00000006fb397230,0x00000006fc300000)
Event: 2.964 GC heap after
Heap after GC invocations=1 (full 0):
 PSYoungGen      total 37376K, used 5111K [0x00000007aaa80000, 0x00000007af380000, 0x0000000800000000)
  eden space 32256K, 0% used [0x00000007aaa80000,0x00000007aaa80000,0x00000007aca00000)
  from space 5120K, 99% used [0x00000007aca00000,0x00000007acefdf98,0x00000007acf00000)
  to   space 5120K, 0% used [0x00000007aee80000,0x00000007aee80000,0x00000007af380000)
 ParOldGen       total 83968K, used 907K [0x0000000700000000, 0x0000000705200000, 0x00000007aaa80000)
  object space 83968K, 1% used [0x0000000700000000,0x00000007000e2dc0,0x0000000705200000)
 PSPermGen       total 21504K, used 5724K [0x00000006fae00000, 0x00000006fc300000, 0x0000000700000000)
  object space 21504K, 26% used [0x00000006fae00000,0x00000006fb397230,0x00000006fc300000)
}
Event: 5.685 GC heap before
{Heap before GC invocations=2 (full 0):
 PSYoungGen      total 37376K, used 37367K [0x00000007aaa80000, 0x00000007af380000, 0x0000000800000000)
  eden space 32256K, 100% used [0x00000007aaa80000,0x00000007aca00000,0x00000007aca00000)
  from space 5120K, 99% used [0x00000007aca00000,0x00000007acefdf98,0x00000007acf00000)
  to   space 5120K, 0% used [0x00000007aee80000,0x00000007aee80000,0x00000007af380000)
 ParOldGen       total 83968K, used 907K [0x0000000700000000, 0x0000000705200000, 0x00000007aaa80000)
  object space 83968K, 1% used [0x0000000700000000,0x00000007000e2dc0,0x0000000705200000)
 PSPermGen       total 21504K, used 5847K [0x00000006fae00000, 0x00000006fc300000, 0x0000000700000000)
  object space 21504K, 27% used [0x00000006fae00000,0x00000006fb3b5cf0,0x00000006fc300000)
Event: 5.789 GC heap after
Heap after GC invocations=2 (full 0):
 PSYoungGen      total 69632K, used 5119K [0x00000007aaa80000, 0x00000007af380000, 0x0000000800000000)
  eden space 64512K, 0% used [0x00000007aaa80000,0x00000007aaa80000,0x00000007ae980000)
  from space 5120K, 99% used [0x00000007aee80000,0x00000007af37ffd8,0x00000007af380000)
  to   space 5120K, 0% used [0x00000007ae980000,0x00000007ae980000,0x00000007aee80000)
 ParOldGen       total 83968K, used 5116K [0x0000000700000000, 0x0000000705200000, 0x00000007aaa80000)
  object space 83968K, 6% used [0x0000000700000000,0x00000007004ff0e0,0x0000000705200000)
 PSPermGen       total 21504K, used 5847K [0x00000006fae00000, 0x00000006fc300000, 0x0000000700000000)
  object space 21504K, 27% used [0x00000006fae00000,0x00000006fb3b5cf0,0x00000006fc300000)
}
Event: 10.318 GC heap before
{Heap before GC invocations=3 (full 0):
 PSYoungGen      total 69632K, used 69631K [0x00000007aaa80000, 0x00000007af380000, 0x0000000800000000)
  eden space 64512K, 100% used [0x00000007aaa80000,0x00000007ae980000,0x00000007ae980000)
  from space 5120K, 99% used [0x00000007aee80000,0x00000007af37ffd8,0x00000007af380000)
  to   space 5120K, 0% used [0x00000007ae980000,0x00000007ae980000,0x00000007aee80000)
 ParOldGen       total 83968K, used 5116K [0x0000000700000000, 0x0000000705200000, 0x00000007aaa80000)
  object space 83968K, 6% used [0x0000000700000000,0x00000007004ff0e0,0x0000000705200000)
 PSPermGen       total 21504K, used 5909K [0x00000006fae00000, 0x00000006fc300000, 0x0000000700000000)
  object space 21504K, 27% used [0x00000006fae00000,0x00000006fb3c5730,0x00000006fc300000)
Event: 10.395 GC heap after
Heap after GC invocations=3 (full 0):
 PSYoungGen      total 69632K, used 5106K [0x00000007aaa80000, 0x00000007b3280000, 0x0000000800000000)
  eden space 64512K, 0% used [0x00000007aaa80000,0x00000007aaa80000,0x00000007ae980000)
  from space 5120K, 99% used [0x00000007ae980000,0x00000007aee7cbe8,0x00000007aee80000)
  to   space 5120K, 0% used [0x00000007b2d80000,0x00000007b2d80000,0x00000007b3280000)
 ParOldGen       total 83968K, used 14614K [0x0000000700000000, 0x0000000705200000, 0x00000007aaa80000)
  object space 83968K, 17% used [0x0000000700000000,0x0000000700e458e0,0x0000000705200000)
 PSPermGen       total 21504K, used 5909K [0x00000006fae00000, 0x00000006fc300000, 0x0000000700000000)
  object space 21504K, 27% used [0x00000006fae00000,0x00000006fb3c5730,0x00000006fc300000)
}

