# JRE version: Java(TM) SE Runtime Environment (7.0_79-b15) (build 1.7.0_79-b15)
# Java VM: Java HotSpot(TM) 64-Bit Server VM (24.79-b02 mixed mode linux-amd64 compressed oops)
Heap
 PSYoungGen      total 134144K, used 51811K [0x00000007aaa80000, 0x00000007b3280000, 0x0000000800000000)
  eden space 129024K, 40% used [0x00000007aaa80000,0x00000007add18ff8,0x00000007b2880000)
  from space 5120K, 0% used [0x00000007b2d80000,0x00000007b2d80000,0x00000007b3280000)
  to   space 5120K, 0% used [0x00000007b2880000,0x00000007b2880000,0x00000007b2d80000)
 ParOldGen       total 120320K, used 32775K [0x0000000700000000, 0x0000000707580000, 0x00000007aaa80000)
  object space 120320K, 27% used [0x0000000700000000,0x0000000702001f78,0x0000000707580000)
 PSPermGen       total 21504K, used 5506K [0x00000006fae00000, 0x00000006fc300000, 0x0000000700000000)
  object space 21504K, 25% used [0x00000006fae00000,0x00000006fb3608c8,0x00000006fc300000)
GC Heap History (10 events):
Event: 1.712 GC heap before
{Heap before GC invocations=1 (full 0):
 PSYoungGen      total 37376K, used 32256K [0x00000007aaa80000, 0x00000007ad400000, 0x0000000800000000)
  eden space 32256K, 100% used [0x00000007aaa80000,0x00000007aca00000,0x00000007aca00000)
  from space 5120K, 0% used [0x00000007acf00000,0x00000007acf00000,0x00000007ad400000)
  to   space 5120K, 0% used [0x00000007aca00000,0x00000007aca00000,0x00000007acf00000)
 ParOldGen       total 83968K, used 0K [0x0000000700000000, 0x0000000705200000, 0x00000007aaa80000)
  object space 83968K, 0% used [0x0000000700000000,0x0000000700000000,0x0000000705200000)
 PSPermGen       total 21504K, used 5354K [0x00000006fae00000, 0x00000006fc300000, 0x0000000700000000)
  object space 21504K, 24% used [0x00000006fae00000,0x00000006fb33abc8,0x00000006fc300000)
Event: 1.749 GC heap after
Heap after GC invocations=1 (full 0):
 PSYoungGen      total 37376K, used 5090K [0x00000007aaa80000, 0x00000007af380000, 0x0000000800000000)
  eden space 32256K, 0% used [0x00000007aaa80000,0x00000007aaa80000,0x00000007aca00000)
  from space 5120K, 99% used [0x00000007aca00000,0x00000007acef8940,0x00000007acf00000)
  to   space 5120K, 0% used [0x00000007aee80000,0x00000007aee80000,0x00000007af380000)
 ParOldGen       total 83968K, used 2649K [0x0000000700000000, 0x0000000705200000, 0x00000007aaa80000)
  object space 83968K, 3% used [0x0000000700000000,0x00000007002966c0,0x0000000705200000)
 PSPermGen       total 21504K, used 5354K [0x00000006fae00000, 0x00000006fc300000, 0x0000000700000000)
  object space 21504K, 24% used [0x00000006fae00000,0x00000006fb33abc8,0x00000006fc300000)
}
Event: 3.489 GC heap before
{Heap before GC invocations=2 (full 0):
 PSYoungGen      total 37376K, used 37346K [0x00000007aaa80000, 0x00000007af380000, 0x0000000800000000)
  eden space 32256K, 100% used [0x00000007aaa80000,0x00000007aca00000,0x00000007aca00000)
  from space 5120K, 99% used [0x00000007aca00000,0x00000007acef8940,0x00000007acf00000)
  to   space 5120K, 0% used [0x00000007aee80000,0x00000007aee80000,0x00000007af380000)
 ParOldGen       total 83968K, used 2649K [0x0000000700000000, 0x0000000705200000, 0x00000007aaa80000)
  object space 83968K, 3% used [0x0000000700000000,0x00000007002966c0,0x0000000705200000)
 PSPermGen       total 21504K, used 5449K [0x00000006fae00000, 0x00000006fc300000, 0x0000000700000000)
  object space 21504K, 25% used [0x00000006fae00000,0x00000006fb352790,0x00000006fc300000)
Event: 3.586 GC heap after
Heap after GC invocations=2 (full 0):
 PSYoungGen      total 69632K, used 5116K [0x00000007aaa80000, 0x00000007af380000, 0x0000000800000000)
  eden space 64512K, 0% used [0x00000007aaa80000,0x00000007aaa80000,0x00000007ae980000)
  from space 5120K, 99% used [0x00000007aee80000,0x00000007af37f040,0x00000007af380000)
  to   space 5120K, 0% used [0x00000007ae980000,0x00000007ae980000,0x00000007aee80000)
 ParOldGen       total 83968K, used 14759K [0x0000000700000000, 0x0000000705200000, 0x00000007aaa80000)
  object space 83968K, 17% used [0x0000000700000000,0x0000000700e69f70,0x0000000705200000)
 PSPermGen       total 21504K, used 5449K [0x00000006fae00000, 0x00000006fc300000, 0x0000000700000000)
  object space 21504K, 25% used [0x00000006fae00000,0x00000006fb352790,0x00000006fc300000)
}
Event: 5.733 GC heap before
{Heap before GC invocations=3 (full 0):
 PSYoungGen      total 69632K, used 69628K [0x00000007aaa80000, 0x00000007af380000, 0x0000000800000000)
  eden space 64512K, 100% used [0x00000007aaa80000,0x00000007ae980000,0x00000007ae980000)
  from space 5120K, 99% used [0x00000007aee80000,0x00000007af37f040,0x00000007af380000)
  to   space 5120K, 0% used [0x00000007ae980000,0x00000007ae980000,0x00000007aee80000)
 ParOldGen       total 83968K, used 14759K [0x0000000700000000, 0x0000000705200000, 0x00000007aaa80000)
  object space 83968K, 17% used [0x0000000700000000,0x0000000700e69f70,0x0000000705200000)
 PSPermGen       total 21504K, used 5461K [0x00000006fae00000, 0x00000006fc300000, 0x0000000700000000)
  object space 21504K, 25% used [0x00000006fae00000,0x00000006fb355400,0x00000006fc300000)
Event: 5.838 GC heap after
Heap after GC invocations=3 (full 0):
 PSYoungGen      total 69632K, used 5115K [0x00000007aaa80000, 0x00000007b3280000, 0x0000000800000000)
  eden space 64512K, 0% used [0x00000007aaa80000,0x00000007aaa80000,0x00000007ae980000)
  from space 5120K, 99% used [0x00000007ae980000,0x00000007aee7ed18,0x00000007aee80000)
  to   space 5120K, 0% used [0x00000007b2d80000,0x00000007b2d80000,0x00000007b3280000)
 ParOldGen       total 83968K, used 42127K [0x0000000700000000, 0x0000000705200000, 0x00000007aaa80000)
  object space 83968K, 50% used [0x0000000700000000,0x0000000702923d20,0x0000000705200000)
 PSPermGen       total 21504K, used 5461K [0x00000006fae00000, 0x00000006fc300000, 0x0000000700000000)
  object space 21504K, 25% used [0x00000006fae00000,0x00000006fb355400,0x00000006fc300000)
}
Event: 8.479 GC heap before
{Heap before GC invocations=4 (full 0):
 PSYoungGen      total 69632K, used 69627K [0x00000007aaa80000, 0x00000007b3280000, 0x0000000800000000)
  eden space 64512K, 100% used [0x00000007aaa80000,0x00000007ae980000,0x00000007ae980000)
  from space 5120K, 99% used [0x00000007ae980000,0x00000007aee7ed18,0x00000007aee80000)
  to   space 5120K, 0% used [0x00000007b2d80000,0x00000007b2d80000,0x00000007b3280000)
 ParOldGen       total 83968K, used 42127K [0x0000000700000000, 0x0000000705200000, 0x00000007aaa80000)
  object space 83968K, 50% used [0x0000000700000000,0x0000000702923d20,0x0000000705200000)
 PSPermGen       total 21504K, used 5490K [0x00000006fae00000, 0x00000006fc300000, 0x0000000700000000)
  object space 21504K, 25% used [0x00000006fae00000,0x00000006fb35cad0,0x00000006fc300000)
Event: 8.578 GC heap after
Heap after GC invocations=4 (full 0):
 PSYoungGen      total 134144K, used 5104K [0x00000007aaa80000, 0x00000007b3280000, 0x0000000800000000)
  eden space 129024K, 0% used [0x00000007aaa80000,0x00000007aaa80000,0x00000007b2880000)
  from space 5120K, 99% used [0x00000007b2d80000,0x00000007b327c050,0x00000007b3280000)
  to   space 5120K, 0% used [0x00000007b2880000,0x00000007b2880000,0x00000007b2d80000)
 ParOldGen       total 83968K, used 66561K [0x0000000700000000, 0x0000000705200000, 0x00000007aaa80000)
  object space 83968K, 79% used [0x0000000700000000,0x00000007041006c0,0x0000000705200000)
 PSPermGen       total 21504K, used 5490K [0x00000006fae00000, 0x00000006fc300000, 0x0000000700000000)
  object space 21504K, 25% used [0x00000006fae00000,0x00000006fb35cad0,0x00000006fc300000)
}
Event: 8.578 GC heap before
{Heap before GC invocations=5 (full 1):
 PSYoungGen      total 134144K, used 5104K [0x00000007aaa80000, 0x00000007b3280000, 0x0000000800000000)
  eden space 129024K, 0% used [0x00000007aaa80000,0x00000007aaa80000,0x00000007b2880000)
  from space 5120K, 99% used [0x00000007b2d80000,0x00000007b327c050,0x00000007b3280000)
  to   space 5120K, 0% used [0x00000007b2880000,0x00000007b2880000,0x00000007b2d80000)
 ParOldGen       total 83968K, used 66561K [0x0000000700000000, 0x0000000705200000, 0x00000007aaa80000)
  object space 83968K, 79% used [0x0000000700000000,0x00000007041006c0,0x0000000705200000)
 PSPermGen       total 21504K, used 5490K [0x00000006fae00000, 0x00000006fc300000, 0x0000000700000000)
  object space 21504K, 25% used [0x00000006fae00000,0x00000006fb35cad0,0x00000006fc300000)
Event: 9.068 GC heap after
Heap after GC invocations=5 (full 1):
 PSYoungGen      total 134144K, used 0K [0x00000007aaa80000, 0x00000007b3280000, 0x0000000800000000)
  eden space 129024K, 0% used [0x00000007aaa80000,0x00000007aaa80000,0x00000007b2880000)
  from space 5120K, 0% used [0x00000007b2d80000,0x00000007b2d80000,0x00000007b3280000)
  to   space 5120K, 0% used [0x00000007b2880000,0x00000007b2880000,0x00000007b2d80000)
 ParOldGen       total 120320K, used 32775K [0x0000000700000000, 0x0000000707580000, 0x00000007aaa80000)
  object space 120320K, 27% used [0x0000000700000000,0x0000000702001f78,0x0000000707580000)
 PSPermGen       total 21504K, used 5488K [0x00000006fae00000, 0x00000006fc300000, 0x0000000700000000)
  object space 21504K, 25% used [0x00000006fae00000,0x00000006fb35c200,0x00000006fc300000)
}

