# JRE version: Java(TM) SE Runtime Environment (7.0_79-b15) (build 1.7.0_79-b15)
# Java VM: Java HotSpot(TM) 64-Bit Server VM (24.79-b02 mixed mode linux-amd64 compressed oops)
Heap
 PSYoungGen      total 216064K, used 125622K [0x00000000eaa80000, 0x00000000fb680000, 0x0000000100000000)
  eden space 173056K, 50% used [0x00000000eaa80000,0x00000000efff8e98,0x00000000f5380000)
  from space 43008K, 88% used [0x00000000f8280000,0x00000000fa7b4ad0,0x00000000fac80000)
  to   space 48128K, 0% used [0x00000000f5380000,0x00000000f5380000,0x00000000f8280000)
 ParOldGen       total 120320K, used 58294K [0x00000000c0000000, 0x00000000c7580000, 0x00000000eaa80000)
  object space 120320K, 48% used [0x00000000c0000000,0x00000000c38edb80,0x00000000c7580000)
 PSPermGen       total 21504K, used 5603K [0x00000000bae00000, 0x00000000bc300000, 0x00000000c0000000)
  object space 21504K, 26% used [0x00000000bae00000,0x00000000bb378f28,0x00000000bc300000)
GC Heap History (10 events):
Event: 5.323 GC heap before
{Heap before GC invocations=3 (full 0):
 PSYoungGen      total 69632K, used 69630K [0x00000000eaa80000, 0x00000000ef380000, 0x0000000100000000)
  eden space 64512K, 100% used [0x00000000eaa80000,0x00000000ee980000,0x00000000ee980000)
  from space 5120K, 99% used [0x00000000eee80000,0x00000000ef37fbc0,0x00000000ef380000)
  to   space 5120K, 0% used [0x00000000ee980000,0x00000000ee980000,0x00000000eee80000)
 ParOldGen       total 83968K, used 15378K [0x00000000c0000000, 0x00000000c5200000, 0x00000000eaa80000)
  object space 83968K, 18% used [0x00000000c0000000,0x00000000c0f04ba0,0x00000000c5200000)
 PSPermGen       total 21504K, used 5456K [0x00000000bae00000, 0x00000000bc300000, 0x00000000c0000000)
  object space 21504K, 25% used [0x00000000bae00000,0x00000000bb354398,0x00000000bc300000)
Event: 5.398 GC heap after
Heap after GC invocations=3 (full 0):
 PSYoungGen      total 69632K, used 5118K [0x00000000eaa80000, 0x00000000f3280000, 0x0000000100000000)
  eden space 64512K, 0% used [0x00000000eaa80000,0x00000000eaa80000,0x00000000ee980000)
  from space 5120K, 99% used [0x00000000ee980000,0x00000000eee7fbc0,0x00000000eee80000)
  to   space 5120K, 0% used [0x00000000f2d80000,0x00000000f2d80000,0x00000000f3280000)
 ParOldGen       total 83968K, used 41394K [0x00000000c0000000, 0x00000000c5200000, 0x00000000eaa80000)
  object space 83968K, 49% used [0x00000000c0000000,0x00000000c286c9c8,0x00000000c5200000)
 PSPermGen       total 21504K, used 5456K [0x00000000bae00000, 0x00000000bc300000, 0x00000000c0000000)
  object space 21504K, 25% used [0x00000000bae00000,0x00000000bb354398,0x00000000bc300000)
}
Event: 8.208 GC heap before
{Heap before GC invocations=4 (full 0):
 PSYoungGen      total 69632K, used 69630K [0x00000000eaa80000, 0x00000000f3280000, 0x0000000100000000)
  eden space 64512K, 100% used [0x00000000eaa80000,0x00000000ee980000,0x00000000ee980000)
  from space 5120K, 99% used [0x00000000ee980000,0x00000000eee7fbc0,0x00000000eee80000)
  to   space 5120K, 0% used [0x00000000f2d80000,0x00000000f2d80000,0x00000000f3280000)
 ParOldGen       total 83968K, used 41394K [0x00000000c0000000, 0x00000000c5200000, 0x00000000eaa80000)
  object space 83968K, 49% used [0x00000000c0000000,0x00000000c286c9c8,0x00000000c5200000)
 PSPermGen       total 21504K, used 5486K [0x00000000bae00000, 0x00000000bc300000, 0x00000000c0000000)
  object space 21504K, 25% used [0x00000000bae00000,0x00000000bb35b968,0x00000000bc300000)
Event: 8.327 GC heap after
Heap after GC invocations=4 (full 0):
 PSYoungGen      total 134144K, used 5099K [0x00000000eaa80000, 0x00000000f3280000, 0x0000000100000000)
  eden space 129024K, 0% used [0x00000000eaa80000,0x00000000eaa80000,0x00000000f2880000)
  from space 5120K, 99% used [0x00000000f2d80000,0x00000000f327ac78,0x00000000f3280000)
  to   space 5120K, 0% used [0x00000000f2880000,0x00000000f2880000,0x00000000f2d80000)
 ParOldGen       total 83968K, used 65811K [0x00000000c0000000, 0x00000000c5200000, 0x00000000eaa80000)
  object space 83968K, 78% used [0x00000000c0000000,0x00000000c4044c78,0x00000000c5200000)
 PSPermGen       total 21504K, used 5486K [0x00000000bae00000, 0x00000000bc300000, 0x00000000c0000000)
  object space 21504K, 25% used [0x00000000bae00000,0x00000000bb35b968,0x00000000bc300000)
}
Event: 8.327 GC heap before
{Heap before GC invocations=5 (full 1):
 PSYoungGen      total 134144K, used 5099K [0x00000000eaa80000, 0x00000000f3280000, 0x0000000100000000)
  eden space 129024K, 0% used [0x00000000eaa80000,0x00000000eaa80000,0x00000000f2880000)
  from space 5120K, 99% used [0x00000000f2d80000,0x00000000f327ac78,0x00000000f3280000)
  to   space 5120K, 0% used [0x00000000f2880000,0x00000000f2880000,0x00000000f2d80000)
 ParOldGen       total 83968K, used 65811K [0x00000000c0000000, 0x00000000c5200000, 0x00000000eaa80000)
  object space 83968K, 78% used [0x00000000c0000000,0x00000000c4044c78,0x00000000c5200000)
 PSPermGen       total 21504K, used 5486K [0x00000000bae00000, 0x00000000bc300000, 0x00000000c0000000)
  object space 21504K, 25% used [0x00000000bae00000,0x00000000bb35b968,0x00000000bc300000)
Event: 8.734 GC heap after
Heap after GC invocations=5 (full 1):
 PSYoungGen      total 134144K, used 0K [0x00000000eaa80000, 0x00000000f3280000, 0x0000000100000000)
  eden space 129024K, 0% used [0x00000000eaa80000,0x00000000eaa80000,0x00000000f2880000)
  from space 5120K, 0% used [0x00000000f2d80000,0x00000000f2d80000,0x00000000f3280000)
  to   space 5120K, 0% used [0x00000000f2880000,0x00000000f2880000,0x00000000f2d80000)
 ParOldGen       total 120320K, used 32924K [0x00000000c0000000, 0x00000000c7580000, 0x00000000eaa80000)
  object space 120320K, 27% used [0x00000000c0000000,0x00000000c2027100,0x00000000c7580000)
 PSPermGen       total 21504K, used 5484K [0x00000000bae00000, 0x00000000bc300000, 0x00000000c0000000)
  object space 21504K, 25% used [0x00000000bae00000,0x00000000bb35b0b8,0x00000000bc300000)
}
Event: 11.667 GC heap before
{Heap before GC invocations=6 (full 1):
 PSYoungGen      total 134144K, used 129024K [0x00000000eaa80000, 0x00000000f3280000, 0x0000000100000000)
  eden space 129024K, 100% used [0x00000000eaa80000,0x00000000f2880000,0x00000000f2880000)
  from space 5120K, 0% used [0x00000000f2d80000,0x00000000f2d80000,0x00000000f3280000)
  to   space 5120K, 0% used [0x00000000f2880000,0x00000000f2880000,0x00000000f2d80000)
 ParOldGen       total 120320K, used 32924K [0x00000000c0000000, 0x00000000c7580000, 0x00000000eaa80000)
  object space 120320K, 27% used [0x00000000c0000000,0x00000000c2027100,0x00000000c7580000)
 PSPermGen       total 21504K, used 5510K [0x00000000bae00000, 0x00000000bc300000, 0x00000000c0000000)
  object space 21504K, 25% used [0x00000000bae00000,0x00000000bb361860,0x00000000bc300000)
Event: 11.724 GC heap after
Heap after GC invocations=6 (full 1):
 PSYoungGen      total 134144K, used 5090K [0x00000000eaa80000, 0x00000000fac80000, 0x0000000100000000)
  eden space 129024K, 0% used [0x00000000eaa80000,0x00000000eaa80000,0x00000000f2880000)
  from space 5120K, 99% used [0x00000000f2880000,0x00000000f2d78b30,0x00000000f2d80000)
  to   space 43008K, 0% used [0x00000000f8280000,0x00000000f8280000,0x00000000fac80000)
 ParOldGen       total 120320K, used 58294K [0x00000000c0000000, 0x00000000c7580000, 0x00000000eaa80000)
  object space 120320K, 48% used [0x00000000c0000000,0x00000000c38edb80,0x00000000c7580000)
 PSPermGen       total 21504K, used 5510K [0x00000000bae00000, 0x00000000bc300000, 0x00000000c0000000)
  object space 21504K, 25% used [0x00000000bae00000,0x00000000bb361860,0x00000000bc300000)
}
Event: 14.006 GC heap before
{Heap before GC invocations=7 (full 1):
 PSYoungGen      total 134144K, used 134114K [0x00000000eaa80000, 0x00000000fac80000, 0x0000000100000000)
  eden space 129024K, 100% used [0x00000000eaa80000,0x00000000f2880000,0x00000000f2880000)
  from space 5120K, 99% used [0x00000000f2880000,0x00000000f2d78b30,0x00000000f2d80000)
  to   space 43008K, 0% used [0x00000000f8280000,0x00000000f8280000,0x00000000fac80000)
 ParOldGen       total 120320K, used 58294K [0x00000000c0000000, 0x00000000c7580000, 0x00000000eaa80000)
  object space 120320K, 48% used [0x00000000c0000000,0x00000000c38edb80,0x00000000c7580000)
 PSPermGen       total 21504K, used 5548K [0x00000000bae00000, 0x00000000bc300000, 0x00000000c0000000)
  object space 21504K, 25% used [0x00000000bae00000,0x00000000bb36b2f8,0x00000000bc300000)
Event: 14.072 GC heap after
Heap after GC invocations=7 (full 1):
 PSYoungGen      total 216064K, used 38098K [0x00000000eaa80000, 0x00000000fb680000, 0x0000000100000000)
  eden space 173056K, 0% used [0x00000000eaa80000,0x00000000eaa80000,0x00000000f5380000)
  from space 43008K, 88% used [0x00000000f8280000,0x00000000fa7b4ad0,0x00000000fac80000)
  to   space 48128K, 0% used [0x00000000f5380000,0x00000000f5380000,0x00000000f8280000)
 ParOldGen       total 120320K, used 58294K [0x00000000c0000000, 0x00000000c7580000, 0x00000000eaa80000)
  object space 120320K, 48% used [0x00000000c0000000,0x00000000c38edb80,0x00000000c7580000)
 PSPermGen       total 21504K, used 5548K [0x00000000bae00000, 0x00000000bc300000, 0x00000000c0000000)
  object space 21504K, 25% used [0x00000000bae00000,0x00000000bb36b2f8,0x00000000bc300000)
}

