# JRE version: Java(TM) SE Runtime Environment (7.0_79-b15) (build 1.7.0_79-b15)
# Java VM: Java HotSpot(TM) 64-Bit Server VM (24.79-b02 mixed mode linux-amd64 compressed oops)
Heap
 PSYoungGen      total 37376K, used 13733K [0x00000007aaa80000, 0x00000007af380000, 0x0000000800000000)
  eden space 32256K, 26% used [0x00000007aaa80000,0x00000007ab2eada8,0x00000007aca00000)
  from space 5120K, 99% used [0x00000007acf00000,0x00000007ad3fe7e0,0x00000007ad400000)
  to   space 5120K, 0% used [0x00000007aca00000,0x00000007aca00000,0x00000007acf00000)
 ParOldGen       total 83968K, used 13882K [0x0000000700000000, 0x0000000705200000, 0x00000007aaa80000)
  object space 83968K, 16% used [0x0000000700000000,0x0000000700d8eb58,0x0000000705200000)
 PSPermGen       total 21504K, used 5472K [0x00000006fae00000, 0x00000006fc300000, 0x0000000700000000)
  object space 21504K, 25% used [0x00000006fae00000,0x00000006fb3582f8,0x00000006fc300000)
GC Heap History (4 events):
Event: 4.645 GC heap before
{Heap before GC invocations=1 (full 0):
 PSYoungGen      total 37376K, used 32256K [0x00000007aaa80000, 0x00000007ad400000, 0x0000000800000000)
  eden space 32256K, 100% used [0x00000007aaa80000,0x00000007aca00000,0x00000007aca00000)
  from space 5120K, 0% used [0x00000007acf00000,0x00000007acf00000,0x00000007ad400000)
  to   space 5120K, 0% used [0x00000007aca00000,0x00000007aca00000,0x00000007acf00000)
 ParOldGen       total 83968K, used 0K [0x0000000700000000, 0x0000000705200000, 0x00000007aaa80000)
  object space 83968K, 0% used [0x0000000700000000,0x0000000700000000,0x0000000705200000)
 PSPermGen       total 21504K, used 5383K [0x00000006fae00000, 0x00000006fc300000, 0x0000000700000000)
  object space 21504K, 25% used [0x00000006fae00000,0x00000006fb341c00,0x00000006fc300000)
Event: 4.688 GC heap after
Heap after GC invocations=1 (full 0):
 PSYoungGen      total 37376K, used 5105K [0x00000007aaa80000, 0x00000007ad400000, 0x0000000800000000)
  eden space 32256K, 0% used [0x00000007aaa80000,0x00000007aaa80000,0x00000007aca00000)
  from space 5120K, 99% used [0x00000007aca00000,0x00000007acefc7d0,0x00000007acf00000)
  to   space 5120K, 0% used [0x00000007acf00000,0x00000007acf00000,0x00000007ad400000)
 ParOldGen       total 83968K, used 2229K [0x0000000700000000, 0x0000000705200000, 0x00000007aaa80000)
  object space 83968K, 2% used [0x0000000700000000,0x000000070022d410,0x0000000705200000)
 PSPermGen       total 21504K, used 5383K [0x00000006fae00000, 0x00000006fc300000, 0x0000000700000000)
  object space 21504K, 25% used [0x00000006fae00000,0x00000006fb341c00,0x00000006fc300000)
}
Event: 8.217 GC heap before
{Heap before GC invocations=2 (full 0):
 PSYoungGen      total 37376K, used 37361K [0x00000007aaa80000, 0x00000007ad400000, 0x0000000800000000)
  eden space 32256K, 100% used [0x00000007aaa80000,0x00000007aca00000,0x00000007aca00000)
  from space 5120K, 99% used [0x00000007aca00000,0x00000007acefc7d0,0x00000007acf00000)
  to   space 5120K, 0% used [0x00000007acf00000,0x00000007acf00000,0x00000007ad400000)
 ParOldGen       total 83968K, used 2229K [0x0000000700000000, 0x0000000705200000, 0x00000007aaa80000)
  object space 83968K, 2% used [0x0000000700000000,0x000000070022d410,0x0000000705200000)
 PSPermGen       total 21504K, used 5415K [0x00000006fae00000, 0x00000006fc300000, 0x0000000700000000)
  object space 21504K, 25% used [0x00000006fae00000,0x00000006fb349ee8,0x00000006fc300000)
Event: 8.286 GC heap after
Heap after GC invocations=2 (full 0):
 PSYoungGen      total 37376K, used 5113K [0x00000007aaa80000, 0x00000007af380000, 0x0000000800000000)
  eden space 32256K, 0% used [0x00000007aaa80000,0x00000007aaa80000,0x00000007aca00000)
  from space 5120K, 99% used [0x00000007acf00000,0x00000007ad3fe7e0,0x00000007ad400000)
  to   space 5120K, 0% used [0x00000007aca00000,0x00000007aca00000,0x00000007acf00000)
 ParOldGen       total 83968K, used 13882K [0x0000000700000000, 0x0000000705200000, 0x00000007aaa80000)
  object space 83968K, 16% used [0x0000000700000000,0x0000000700d8eb58,0x0000000705200000)
 PSPermGen       total 21504K, used 5415K [0x00000006fae00000, 0x00000006fc300000, 0x0000000700000000)
  object space 21504K, 25% used [0x00000006fae00000,0x00000006fb349ee8,0x00000006fc300000)
}

